time="2020-05-23T21:47:19.335959359-05:00" level=info msg="Starting up"
time="2020-05-23T21:47:19.336062823-05:00" level=warning msg="Running experimental build"
time="2020-05-23T21:47:19.337124774-05:00" level=warning msg="insecure registry https://csce-6snvrz2.cs.tamu.edu:5000 should not contain 'https://' and 'https://' has been removed from the insecure registry config"
time="2020-05-23T21:47:19.338163500-05:00" level=info msg="parsed scheme: \"unix\"" module=grpc
time="2020-05-23T21:47:19.338183319-05:00" level=info msg="scheme \"unix\" not registered, fallback to default scheme" module=grpc
time="2020-05-23T21:47:19.338212308-05:00" level=info msg="ccResolverWrapper: sending update to cc: {[{unix:///run/containerd/containerd.sock 0  <nil>}] <nil>}" module=grpc
time="2020-05-23T21:47:19.338230237-05:00" level=info msg="ClientConn switching balancer to \"pick_first\"" module=grpc
time="2020-05-23T21:47:19.339279630-05:00" level=info msg="parsed scheme: \"unix\"" module=grpc
time="2020-05-23T21:47:19.339308624-05:00" level=info msg="scheme \"unix\" not registered, fallback to default scheme" module=grpc
time="2020-05-23T21:47:19.339330958-05:00" level=info msg="ccResolverWrapper: sending update to cc: {[{unix:///run/containerd/containerd.sock 0  <nil>}] <nil>}" module=grpc
time="2020-05-23T21:47:19.339521933-05:00" level=info msg="ClientConn switching balancer to \"pick_first\"" module=grpc
time="2020-05-23T21:47:20.117693402-05:00" level=info msg="[graphdriver] using prior storage driver: overlay2"
time="2020-05-23T21:47:20.484377441-05:00" level=warning msg="Your kernel does not support swap memory limit"
time="2020-05-23T21:47:20.484450232-05:00" level=warning msg="Your kernel does not support cgroup rt period"
time="2020-05-23T21:47:20.484477328-05:00" level=warning msg="Your kernel does not support cgroup rt runtime"
time="2020-05-23T21:47:20.484958454-05:00" level=info msg="Loading containers: start."
time="2020-05-23T21:47:20.485331727-05:00" level=error msg="Failed to load container 9e7e0893e9cbe4f2c56fcd1424d563cdeb2963ec18fdb45dd52ea2c01e69ed98: open /var/lib/docker/containers/9e7e0893e9cbe4f2c56fcd1424d563cdeb2963ec18fdb45dd52ea2c01e69ed98/config.v2.json: no such file or directory"
time="2020-05-23T21:47:20.487573653-05:00" level=error msg="Failed to load container mount 846aaa1cb26d5a2cc9afab5db03e7c3d95f8002106399af55f887d1bd62dad7f: mount does not exist"
time="2020-05-23T21:47:20.487571275-05:00" level=error msg="Failed to load container mount 6a4a5b196c05a41bcd733216a950035182b6e306e2d1a9e3fab64e47c99bf7f6: mount does not exist"
time="2020-05-23T21:47:20.487587933-05:00" level=error msg="Failed to load container mount 2e89045391abb0713f5f925bf53ddc8e39f30684eac20b6f5a2646ea455a5bc6: mount does not exist"
time="2020-05-23T21:47:21.788355359-05:00" level=info msg="Default bridge (docker0) is assigned with an IP address 172.17.0.0/16. Daemon option --bip can be used to set a preferred IP address"
time="2020-05-23T21:47:22.228334117-05:00" level=info msg="Loading containers: done."
time="2020-05-23T21:47:22.472993912-05:00" level=info msg="Docker daemon" commit=417824a graphdriver(s)=overlay2 version=dev
time="2020-05-23T21:47:22.486508687-05:00" level=info msg="parsed scheme: \"\"" module=grpc
time="2020-05-23T21:47:22.486532330-05:00" level=info msg="scheme \"\" not registered, fallback to default scheme" module=grpc
time="2020-05-23T21:47:22.486655461-05:00" level=info msg="ccResolverWrapper: sending update to cc: {[{128.194.130.177:2377 0  <nil>}] <nil>}" module=grpc
time="2020-05-23T21:47:22.486668763-05:00" level=info msg="ClientConn switching balancer to \"pick_first\"" module=grpc
time="2020-05-23T21:47:22.486686526-05:00" level=info msg="manager selected by agent for new session: {m8gjzw2te2rchaqv7mext736x 128.194.130.177:2377}" module=node/agent node.id=x0my91xx39v97yot531mxzv19
time="2020-05-23T21:47:22.486900672-05:00" level=info msg="waiting 0s before registering session" module=node/agent node.id=x0my91xx39v97yot531mxzv19
time="2020-05-23T21:47:22.872311124-05:00" level=info msg="Initializing Libnetwork Agent Listen-Addr=0.0.0.0 Local-addr=128.194.130.157 Adv-addr=128.194.130.157 Data-addr= Remote-addr-list=[128.194.130.177] MTU=1500"
time="2020-05-23T21:47:22.872342207-05:00" level=info msg="initialized VXLAN UDP port to 4789 "
time="2020-05-23T21:47:22.872582119-05:00" level=info msg="New memberlist node - Node:singularity4.cs.tamu.edu will use memberlist nodeID:ed0189bfcd3b with config:&{NodeID:ed0189bfcd3b Hostname:singularity4.cs.tamu.edu BindAddr:0.0.0.0 AdvertiseAddr:128.194.130.157 BindPort:0 Keys:[[28 89 101 146 250 160 60 37 208 60 240 36 39 203 124 163] [109 127 197 75 226 156 29 196 167 175 23 165 196 24 231 22] [62 129 8 88 223 227 17 16 245 40 179 204 138 213 91 67]] PacketBufferSize:1400 reapEntryInterval:1800000000000 reapNetworkInterval:1825000000000 StatsPrintPeriod:5m0s HealthPrintPeriod:1m0s}"
time="2020-05-23T21:47:22.872394286-05:00" level=info msg="Daemon has completed initialization"
time="2020-05-23T21:47:22.873790682-05:00" level=info msg="Node ed0189bfcd3b/128.194.130.157, joined gossip cluster"
time="2020-05-23T21:47:22.873957338-05:00" level=info msg="Node ed0189bfcd3b/128.194.130.157, added to nodes list"
time="2020-05-23T21:47:22.874753314-05:00" level=info msg="The new bootstrap node list is:[128.194.130.177]"
time="2020-05-23T21:47:22.877185560-05:00" level=info msg="Node 4f40b233f677/128.194.130.177, joined gossip cluster"
time="2020-05-23T21:47:22.877225976-05:00" level=info msg="Node 4f40b233f677/128.194.130.177, added to nodes list"
time="2020-05-23T21:47:23.089573053-05:00" level=info msg="API listen on /var/run/docker.sock"
time="2020-05-23T21:48:08.153224966-05:00" level=info msg="initialized VXLAN UDP port to 4789 "
time="2020-05-23T21:48:10.217794396-05:00" level=warning msg="Error getting v2 registry: Get https://csce-6snvrz2.cs.tamu.edu:5000/v2/: http: server gave HTTP response to HTTPS client"
time="2020-05-23T21:48:10.217929986-05:00" level=info msg="Attempting next endpoint for pull after error: Get https://csce-6snvrz2.cs.tamu.edu:5000/v2/: http: server gave HTTP response to HTTPS client"
Current time:  2020-05-23 21:48:10.239947626 -0500 CDT m=+50.922862258, Starting the download of the layers.
2020-05-23 21:48:11.667374157 -0500 CDT m=+52.350288907 --->	  Waiting for top download.
2020-05-23 21:48:11.691545642 -0500 CDT m=+52.374460201 --->	 Time to download the layer: 24.086171ms
2020-05-23 21:48:11.692244815 -0500 CDT m=+52.375159378 --->	 Time to download the layer: 24.805094ms
time="2020-05-23T21:48:12.795511195-05:00" level=error msg="filesystem layer verification failed for digest sha256:583a11b419b094e1655bfba1e45cfdf9df8b9aea815ae3ca27be147198d47237"
time="2020-05-23T21:48:12.795540945-05:00" level=error msg="Download failed after 1 attempts: filesystem layer verification failed for digest sha256:583a11b419b094e1655bfba1e45cfdf9df8b9aea815ae3ca27be147198d47237"
2020-05-23 21:48:12.79641367 -0500 CDT m=+53.479328170 --->	  Top download downlaoded.
time="2020-05-23T21:48:12.796442420-05:00" level=info msg="Attempting next endpoint for pull after error: filesystem layer verification failed for digest sha256:583a11b419b094e1655bfba1e45cfdf9df8b9aea815ae3ca27be147198d47237"
time="2020-05-23T21:48:12.796475479-05:00" level=error msg="pulling image failed" error="filesystem layer verification failed for digest sha256:583a11b419b094e1655bfba1e45cfdf9df8b9aea815ae3ca27be147198d47237" module=node/agent/taskmanager node.id=x0my91xx39v97yot531mxzv19 service.id=a5luql6oayhzvz2glptxvuayu task.id=sx5ci60ptb8n80haqg3fpzb5h
time="2020-05-23T21:48:12.797114096-05:00" level=error msg="fatal task error" error="No such image: csce-6snvrz2.cs.tamu.edu:5000/bignode:latest" module=node/agent/taskmanager node.id=x0my91xx39v97yot531mxzv19 service.id=a5luql6oayhzvz2glptxvuayu task.id=sx5ci60ptb8n80haqg3fpzb5h
time="2020-05-23T21:48:12.799199474-05:00" level=info msg="Layer sha256:3fac95d1200db957bdf5ed28d530c8b48d20fcec4df5bd8af45b24923d86f2ff cleaned up"
time="2020-05-23T21:48:13.068266303-05:00" level=info msg="initialized VXLAN UDP port to 4789 "
time="2020-05-23T21:48:13.191224934-05:00" level=info msg="initialized VXLAN UDP port to 4789 "
time="2020-05-23T21:48:13.728474782-05:00" level=warning msg="Error getting v2 registry: Get https://csce-6snvrz2.cs.tamu.edu:5000/v2/: http: server gave HTTP response to HTTPS client"
time="2020-05-23T21:48:13.728569801-05:00" level=info msg="Attempting next endpoint for pull after error: Get https://csce-6snvrz2.cs.tamu.edu:5000/v2/: http: server gave HTTP response to HTTPS client"
Current time:  2020-05-23 21:48:13.747064279 -0500 CDT m=+54.429978998, Starting the download of the layers.
2020-05-23 21:48:14.848180147 -0500 CDT m=+55.531094834 --->	  Waiting for top download.
2020-05-23 21:48:14.868824933 -0500 CDT m=+55.551739593 --->	 Time to download the layer: 19.71689ms
2020-05-23 21:48:14.868840931 -0500 CDT m=+55.551755621 --->	 Time to download the layer: 20.574659ms
2020-05-23 21:48:15.894193301 -0500 CDT m=+56.577107834 --->	 Time to download the layer: 1.025287306s
2020-05-23 21:48:16.142112254 -0500 CDT m=+56.825026769 --->	 Time to download the layer: 1.293077403s
2020-05-23 21:48:16.142135968 -0500 CDT m=+56.825050455 --->	  Wait for parent download lasted for: 922ns
2020-05-23 21:48:17.83201195 -0500 CDT m=+58.514926872 --->	  Wait for parent download lasted for: 2.963131226s
2020-05-23 21:48:18.251720659 -0500 CDT m=+58.934635412 --->	  Wait for parent download lasted for: 2.357505601s
2020-05-23 21:48:19.151252938 -0500 CDT m=+59.834167685 --->	  Top download downlaoded.
2020-05-23 21:48:19.151334045 -0500 CDT m=+59.834248822 --->	  Downlaoded image in time: 5.404192387s
time="2020-05-23T21:48:38.489632726-05:00" level=warning msg="failed to deactivate service binding for container bignode.1.sx5ci60ptb8n80haqg3fpzb5h" error="No such container: bignode.1.sx5ci60ptb8n80haqg3fpzb5h" module=node/agent node.id=x0my91xx39v97yot531mxzv19
time="2020-05-23T21:48:51.440030647-05:00" level=info msg="Container c9a955c2385fdc8555fb89894596b4f645899f7045b96a1a9f71e1e38f93f99c failed to exit within 10 seconds of signal 15 - using the force"
time="2020-05-23T21:48:51.560122938-05:00" level=info msg="ignoring event" module=libcontainerd namespace=moby topic=/tasks/delete type="*events.TaskDelete"
time="2020-05-23T21:48:51.560522745-05:00" level=warning msg="rmServiceBinding aa3a1ab6a5cf2dd56f4ce60852da474e1f6c6befae4c039e10a9595d7cde1060 possible transient state ok:false entries:0 set:false "
time="2020-05-23T21:48:53.388104775-05:00" level=warning msg="Error (Unable to complete atomic operation, key modified) deleting object [endpoint mvn3wrk1uf4jf0wubu0fayhnh b0f22f316cd35585b564cf84f327af1e50c9eeed4f63e71a51b163c365ad4461], retrying...."
time="2020-05-23T21:48:53.947132133-05:00" level=info msg="initialized VXLAN UDP port to 4789 "
time="2020-05-23T21:52:22.874483275-05:00" level=info msg="NetworkDB stats singularity4.cs.tamu.edu(ed0189bfcd3b) - netID:pj52d1c4x7eu0yni960aj7tog leaving:false netPeers:2 entries:8 Queue qLen:0 netMsg/s:0"
time="2020-05-23T21:52:22.874650285-05:00" level=info msg="NetworkDB stats singularity4.cs.tamu.edu(ed0189bfcd3b) - netID:mvn3wrk1uf4jf0wubu0fayhnh leaving:true netPeers:1 entries:3 Queue qLen:0 netMsg/s:0"
time="2020-05-23T21:57:23.074304496-05:00" level=info msg="NetworkDB stats singularity4.cs.tamu.edu(ed0189bfcd3b) - netID:pj52d1c4x7eu0yni960aj7tog leaving:false netPeers:2 entries:8 Queue qLen:0 netMsg/s:0"
time="2020-05-23T21:57:23.074445599-05:00" level=info msg="NetworkDB stats singularity4.cs.tamu.edu(ed0189bfcd3b) - netID:mvn3wrk1uf4jf0wubu0fayhnh leaving:true netPeers:1 entries:3 Queue qLen:0 netMsg/s:0"
time="2020-05-23T22:02:23.274221754-05:00" level=info msg="NetworkDB stats singularity4.cs.tamu.edu(ed0189bfcd3b) - netID:mvn3wrk1uf4jf0wubu0fayhnh leaving:true netPeers:1 entries:3 Queue qLen:0 netMsg/s:0"
time="2020-05-23T22:02:23.274387069-05:00" level=info msg="NetworkDB stats singularity4.cs.tamu.edu(ed0189bfcd3b) - netID:pj52d1c4x7eu0yni960aj7tog leaving:false netPeers:2 entries:8 Queue qLen:0 netMsg/s:0"
time="2020-05-23T22:04:06.482472860-05:00" level=info msg="initialized VXLAN UDP port to 4789 "
time="2020-05-23T22:04:08.524088481-05:00" level=warning msg="Error getting v2 registry: Get https://csce-6snvrz2.cs.tamu.edu:5000/v2/: http: server gave HTTP response to HTTPS client"
time="2020-05-23T22:04:08.524191981-05:00" level=info msg="Attempting next endpoint for pull after error: Get https://csce-6snvrz2.cs.tamu.edu:5000/v2/: http: server gave HTTP response to HTTPS client"
Current time:  2020-05-23 22:04:08.544383511 -0500 CDT m=+1009.227298235, Starting the download of the layers.
2020-05-23 22:04:10.260264043 -0500 CDT m=+1010.943178768 --->	  Waiting for top download.
2020-05-23 22:04:10.274562834 -0500 CDT m=+1010.957477365 --->	 Time to download the layer: 14.285256ms
2020-05-23 22:04:10.274729758 -0500 CDT m=+1010.957644276 --->	 Time to download the layer: 14.387939ms
2020-05-23 22:04:10.770547316 -0500 CDT m=+1011.453461850 --->	  Wait for parent download lasted for: 495.80539ms
2020-05-23 22:04:11.232595926 -0500 CDT m=+1011.915510698 --->	  Top download downlaoded.
2020-05-23 22:04:11.232700648 -0500 CDT m=+1011.915615405 --->	  Downlaoded image in time: 2.688237202s
time="2020-05-23T22:04:50.797676011-05:00" level=info msg="Container c20b1a028c81a20dd9788e116dd2c82e799731a40372d457a29a1ee02db7eab2 failed to exit within 10 seconds of signal 15 - using the force"
time="2020-05-23T22:04:50.998224348-05:00" level=info msg="ignoring event" module=libcontainerd namespace=moby topic=/tasks/delete type="*events.TaskDelete"
time="2020-05-23T22:04:50.999586449-05:00" level=warning msg="rmServiceBinding 7137150356faee1459d3eff71270ed4f1ca3ecfcd3073afd96fa8eada9f1057f possible transient state ok:false entries:0 set:false "
time="2020-05-23T22:04:53.501591862-05:00" level=warning msg="Error (Unable to complete atomic operation, key modified) deleting object [endpoint mvn3wrk1uf4jf0wubu0fayhnh 32283fd968dec5bcd304a1aaacfab84efb128d2c0f03ed80b63dcd06e8117aea], retrying...."
time="2020-05-23T22:04:53.725300776-05:00" level=info msg="initialized VXLAN UDP port to 4789 "
time="2020-05-23T22:07:23.474465575-05:00" level=info msg="NetworkDB stats singularity4.cs.tamu.edu(ed0189bfcd3b) - netID:mvn3wrk1uf4jf0wubu0fayhnh leaving:true netPeers:1 entries:6 Queue qLen:0 netMsg/s:0"
time="2020-05-23T22:07:23.474664598-05:00" level=info msg="NetworkDB stats singularity4.cs.tamu.edu(ed0189bfcd3b) - netID:pj52d1c4x7eu0yni960aj7tog leaving:false netPeers:2 entries:8 Queue qLen:0 netMsg/s:0"
time="2020-05-23T22:08:14.124919449-05:00" level=info msg="initialized VXLAN UDP port to 4789 "
time="2020-05-23T22:08:16.126027020-05:00" level=warning msg="Error getting v2 registry: Get https://csce-6snvrz2.cs.tamu.edu:5000/v2/: http: server gave HTTP response to HTTPS client"
time="2020-05-23T22:08:16.126111874-05:00" level=info msg="Attempting next endpoint for pull after error: Get https://csce-6snvrz2.cs.tamu.edu:5000/v2/: http: server gave HTTP response to HTTPS client"
Current time:  2020-05-23 22:08:16.144704236 -0500 CDT m=+1256.827618955, Starting the download of the layers.
2020-05-23 22:08:16.145116759 -0500 CDT m=+1256.828031521 --->	  Waiting for top download.
2020-05-23 22:08:16.581181063 -0500 CDT m=+1257.264095595 --->	 Time to download the layer: 436.00071ms
2020-05-23 22:08:16.599981882 -0500 CDT m=+1257.282896377 --->	 Time to download the layer: 18.773414ms
2020-05-23 22:08:16.61621186 -0500 CDT m=+1257.299126366 --->	 Time to download the layer: 470.470772ms
2020-05-23 22:08:16.66082824 -0500 CDT m=+1257.343742733 --->	 Time to download the layer: 44.575646ms
2020-05-23 22:08:16.672939394 -0500 CDT m=+1257.355853929 --->	 Time to download the layer: 12.090375ms
2020-05-23 22:08:16.676770072 -0500 CDT m=+1257.359684595 --->	 Time to download the layer: 3.807322ms
2020-05-23 22:08:16.67980314 -0500 CDT m=+1257.362717657 --->	 Time to download the layer: 3.013888ms
2020-05-23 22:08:16.807318472 -0500 CDT m=+1257.490233052 --->	 Time to download the layer: 127.500274ms
2020-05-23 22:08:16.815173563 -0500 CDT m=+1257.498088118 --->	 Time to download the layer: 7.005855ms
2020-05-23 22:08:16.823428973 -0500 CDT m=+1257.506343587 --->	 Time to download the layer: 8.191561ms
2020-05-23 22:08:16.830667075 -0500 CDT m=+1257.513581580 --->	 Time to download the layer: 7.182436ms
2020-05-23 22:08:16.83800963 -0500 CDT m=+1257.520924196 --->	 Time to download the layer: 7.306238ms
2020-05-23 22:08:16.855733912 -0500 CDT m=+1257.538648419 --->	 Time to download the layer: 255.724512ms
2020-05-23 22:08:18.187935026 -0500 CDT m=+1258.870849537 --->	 Time to download the layer: 2.042949897s
2020-05-23 22:08:18.187959799 -0500 CDT m=+1258.870874286 --->	  Wait for parent download lasted for: 808ns
2020-05-23 22:08:19.330368216 -0500 CDT m=+1260.013282942 --->	  Wait for parent download lasted for: 2.749164048s
2020-05-23 22:08:19.725662172 -0500 CDT m=+1260.408576900 --->	  Wait for parent download lasted for: 3.12565667s
2020-05-23 22:08:20.153934389 -0500 CDT m=+1260.836849115 --->	  Wait for parent download lasted for: 3.29818422s
2020-05-23 22:08:23.004061212 -0500 CDT m=+1263.686975940 --->	  Wait for parent download lasted for: 6.343215449s
2020-05-23 22:08:23.456486681 -0500 CDT m=+1264.139401406 --->	  Wait for parent download lasted for: 6.783527153s
2020-05-23 22:08:23.876020146 -0500 CDT m=+1264.558934870 --->	  Wait for parent download lasted for: 7.199233369s
2020-05-23 22:08:24.272096579 -0500 CDT m=+1264.955011304 --->	  Wait for parent download lasted for: 7.592280687s
2020-05-23 22:08:24.691596203 -0500 CDT m=+1265.374510929 --->	  Wait for parent download lasted for: 7.883439523s
2020-05-23 22:08:25.086205035 -0500 CDT m=+1265.769119763 --->	  Wait for parent download lasted for: 8.270975297s
2020-05-23 22:08:25.522906574 -0500 CDT m=+1266.205821303 --->	  Wait for parent download lasted for: 8.699429057s
2020-05-23 22:08:25.959687567 -0500 CDT m=+1266.642602293 --->	  Wait for parent download lasted for: 9.128989797s
2020-05-23 22:08:26.395793363 -0500 CDT m=+1267.078708080 --->	  Wait for parent download lasted for: 9.557759553s
2020-05-23 22:08:26.841090221 -0500 CDT m=+1267.524004875 --->	  Top download downlaoded.
2020-05-23 22:08:26.841174731 -0500 CDT m=+1267.524089504 --->	  Downlaoded image in time: 10.696388439s
time="2020-05-23T22:08:57.466929633-05:00" level=info msg="Container 9d2840b4bb7f2c537dd0a242c7499270a7dc7ff2c3af91b82e868c7d7691c8f5 failed to exit within 10 seconds of signal 15 - using the force"
time="2020-05-23T22:08:57.515357885-05:00" level=error msg="stream copy error: reading from a closed fifo"
time="2020-05-23T22:08:57.515371675-05:00" level=error msg="stream copy error: reading from a closed fifo"
time="2020-05-23T22:08:57.531912106-05:00" level=warning msg="Health check for container 9d2840b4bb7f2c537dd0a242c7499270a7dc7ff2c3af91b82e868c7d7691c8f5 error: OCI runtime exec failed: exec failed: cannot exec a container that has stopped: unknown"
time="2020-05-23T22:08:57.790117837-05:00" level=info msg="ignoring event" module=libcontainerd namespace=moby topic=/tasks/delete type="*events.TaskDelete"
time="2020-05-23T22:08:57.790638045-05:00" level=warning msg="rmServiceBinding 856d5f96dc10fc34c38e6179a6d514f8d7a5d8d51cd09a576b5c426776772c33 possible transient state ok:false entries:0 set:false "
time="2020-05-23T22:08:59.670749110-05:00" level=warning msg="Error (Unable to complete atomic operation, key modified) deleting object [endpoint mvn3wrk1uf4jf0wubu0fayhnh d18197d19530a7294cac853d2e033a37e5bc8b95daab700a5b84698fedb2a4e5], retrying...."
time="2020-05-23T22:09:00.471460243-05:00" level=info msg="initialized VXLAN UDP port to 4789 "
time="2020-05-23T22:11:05.649311456-05:00" level=error msg="Handler for GET /v1.39/images/json returned error: syntax error in pattern"
time="2020-05-23T22:12:23.674316976-05:00" level=info msg="NetworkDB stats singularity4.cs.tamu.edu(ed0189bfcd3b) - netID:pj52d1c4x7eu0yni960aj7tog leaving:false netPeers:2 entries:8 Queue qLen:0 netMsg/s:0"
time="2020-05-23T22:12:23.674455917-05:00" level=info msg="NetworkDB stats singularity4.cs.tamu.edu(ed0189bfcd3b) - netID:mvn3wrk1uf4jf0wubu0fayhnh leaving:true netPeers:1 entries:9 Queue qLen:0 netMsg/s:0"
time="2020-05-23T22:14:53.210157246-05:00" level=info msg="initialized VXLAN UDP port to 4789 "
time="2020-05-23T22:14:55.471471360-05:00" level=warning msg="Error getting v2 registry: Get https://csce-6snvrz2.cs.tamu.edu:5000/v2/: http: server gave HTTP response to HTTPS client"
time="2020-05-23T22:14:55.471514869-05:00" level=info msg="Attempting next endpoint for pull after error: Get https://csce-6snvrz2.cs.tamu.edu:5000/v2/: http: server gave HTTP response to HTTPS client"
Current time:  2020-05-23 22:14:55.487082539 -0500 CDT m=+1656.169997143, Starting the download of the layers.
2020-05-23 22:14:55.487323246 -0500 CDT m=+1656.170237851 --->	  Waiting for top download.
2020-05-23 22:14:55.638112758 -0500 CDT m=+1656.321027266 --->	 Time to download the layer: 150.369554ms
2020-05-23 22:14:55.739581727 -0500 CDT m=+1656.422496223 --->	 Time to download the layer: 101.441943ms
2020-05-23 22:14:55.795715295 -0500 CDT m=+1656.478629794 --->	 Time to download the layer: 308.170623ms
2020-05-23 22:14:55.800357863 -0500 CDT m=+1656.483272368 --->	 Time to download the layer: 4.592899ms
2020-05-23 22:14:55.803998775 -0500 CDT m=+1656.486913273 --->	 Time to download the layer: 3.59523ms
2020-05-23 22:14:55.808237428 -0500 CDT m=+1656.491151917 --->	 Time to download the layer: 4.219764ms
2020-05-23 22:14:55.811640487 -0500 CDT m=+1656.494554991 --->	 Time to download the layer: 3.383907ms
2020-05-23 22:14:55.820328099 -0500 CDT m=+1656.503242595 --->	 Time to download the layer: 8.669253ms
2020-05-23 22:14:55.823501681 -0500 CDT m=+1656.506416180 --->	 Time to download the layer: 3.152427ms
2020-05-23 22:14:55.826658046 -0500 CDT m=+1656.509572547 --->	 Time to download the layer: 3.135041ms
2020-05-23 22:14:55.831332409 -0500 CDT m=+1656.514246933 --->	 Time to download the layer: 4.655152ms
2020-05-23 22:14:55.834709317 -0500 CDT m=+1656.517623837 --->	 Time to download the layer: 3.355068ms
2020-05-23 22:14:55.97825194 -0500 CDT m=+1656.661166450 --->	 Time to download the layer: 238.647962ms
2020-05-23 22:14:57.302587759 -0500 CDT m=+1657.985502274 --->	 Time to download the layer: 1.81493291s
2020-05-23 22:14:57.302852636 -0500 CDT m=+1657.985767123 --->	  Wait for parent download lasted for: 982ns
2020-05-23 22:14:58.312031434 -0500 CDT m=+1658.994946160 --->	  Wait for parent download lasted for: 2.673895331s
2020-05-23 22:14:58.732587658 -0500 CDT m=+1659.415502418 --->	  Wait for parent download lasted for: 2.9929869s
2020-05-23 22:14:59.143494417 -0500 CDT m=+1659.826409143 --->	  Wait for parent download lasted for: 3.163218642s
2020-05-23 22:15:02.752176299 -0500 CDT m=+1663.435090999 --->	  Wait for parent download lasted for: 6.951776899s
2020-05-23 22:15:03.213219604 -0500 CDT m=+1663.896134331 --->	  Wait for parent download lasted for: 7.409205064s
2020-05-23 22:15:03.658309238 -0500 CDT m=+1664.341223965 --->	  Wait for parent download lasted for: 7.850055944s
2020-05-23 22:15:04.103340587 -0500 CDT m=+1664.786255314 --->	  Wait for parent download lasted for: 8.291684762s
2020-05-23 22:15:04.581870409 -0500 CDT m=+1665.264785138 --->	  Wait for parent download lasted for: 8.761524427s
2020-05-23 22:15:04.984872174 -0500 CDT m=+1665.667786902 --->	  Wait for parent download lasted for: 9.161352449s
2020-05-23 22:15:05.379732451 -0500 CDT m=+1666.062647176 --->	  Wait for parent download lasted for: 9.553058434s
2020-05-23 22:15:05.833405441 -0500 CDT m=+1666.516320143 --->	  Wait for parent download lasted for: 10.002055233s
2020-05-23 22:15:06.253164348 -0500 CDT m=+1666.936079097 --->	  Wait for parent download lasted for: 10.418434424s
2020-05-23 22:15:06.706269436 -0500 CDT m=+1667.389184177 --->	  Top download downlaoded.
2020-05-23 22:15:06.706373836 -0500 CDT m=+1667.389288593 --->	  Downlaoded image in time: 11.219240721s
time="2020-05-23T22:15:36.686164570-05:00" level=info msg="Container 2182043423fb6ec001f4d4d8a4eaa39e8ff1e321d76cd52d97060a97334bb017 failed to exit within 10 seconds of signal 15 - using the force"
time="2020-05-23T22:15:36.827012255-05:00" level=info msg="ignoring event" module=libcontainerd namespace=moby topic=/tasks/delete type="*events.TaskDelete"
time="2020-05-23T22:15:36.827429341-05:00" level=warning msg="rmServiceBinding 303094b97d202629baddfe57d51a51143c8bced2ade419b13d3b3d39d5c72c90 possible transient state ok:false entries:0 set:false "
time="2020-05-23T22:15:39.000419471-05:00" level=warning msg="Error (Unable to complete atomic operation, key modified) deleting object [endpoint mvn3wrk1uf4jf0wubu0fayhnh e2363e5da1d66352dd20477c5863ec2947a981833b90421e80eed0270f7a5e2f], retrying...."
time="2020-05-23T22:15:39.437046827-05:00" level=info msg="initialized VXLAN UDP port to 4789 "
time="2020-05-23T22:17:23.874476011-05:00" level=info msg="NetworkDB stats singularity4.cs.tamu.edu(ed0189bfcd3b) - netID:pj52d1c4x7eu0yni960aj7tog leaving:false netPeers:2 entries:8 Queue qLen:0 netMsg/s:0"
time="2020-05-23T22:17:23.874651694-05:00" level=info msg="NetworkDB stats singularity4.cs.tamu.edu(ed0189bfcd3b) - netID:mvn3wrk1uf4jf0wubu0fayhnh leaving:true netPeers:1 entries:12 Queue qLen:0 netMsg/s:0"
time="2020-05-23T22:20:07.236406718-05:00" level=info msg="initialized VXLAN UDP port to 4789 "
time="2020-05-23T22:20:09.236966508-05:00" level=warning msg="Error getting v2 registry: Get https://csce-6snvrz2.cs.tamu.edu:5000/v2/: http: server gave HTTP response to HTTPS client"
time="2020-05-23T22:20:09.237048360-05:00" level=info msg="Attempting next endpoint for pull after error: Get https://csce-6snvrz2.cs.tamu.edu:5000/v2/: http: server gave HTTP response to HTTPS client"
Current time:  2020-05-23 22:20:09.257419355 -0500 CDT m=+1969.940334133, Starting the download of the layers.
2020-05-23 22:20:09.257811888 -0500 CDT m=+1969.940726493 --->	  Waiting for top download.
2020-05-23 22:20:09.508059902 -0500 CDT m=+1970.190974420 --->	 Time to download the layer: 249.969804ms
2020-05-23 22:20:09.513684407 -0500 CDT m=+1970.196598951 --->	 Time to download the layer: 5.596225ms
2020-05-23 22:20:09.54507661 -0500 CDT m=+1970.227991117 --->	 Time to download the layer: 287.373963ms
2020-05-23 22:20:09.549745727 -0500 CDT m=+1970.232660226 --->	 Time to download the layer: 4.619644ms
2020-05-23 22:20:09.553571491 -0500 CDT m=+1970.236486002 --->	 Time to download the layer: 3.803232ms
2020-05-23 22:20:09.556914547 -0500 CDT m=+1970.239829035 --->	 Time to download the layer: 3.322336ms
2020-05-23 22:20:09.559797131 -0500 CDT m=+1970.242711669 --->	 Time to download the layer: 2.863122ms
2020-05-23 22:20:19.705711541 -0500 CDT m=+1980.388626276 --->	  Wait for parent download lasted for: 8.241415465s
2020-05-23 22:20:20.980175894 -0500 CDT m=+1981.663090621 --->	  Wait for parent download lasted for: 11.210349458s
2020-05-23 22:20:21.492304693 -0500 CDT m=+1982.175219422 --->	  Wait for parent download lasted for: 9.973507261s
2020-05-23 22:20:22.314271737 -0500 CDT m=+1982.997186475 --->	  Top download downlaoded.
2020-05-23 22:20:22.31436123 -0500 CDT m=+1982.997275954 --->	  Downlaoded image in time: 13.056860909s
time="2020-05-23T22:20:50.516906079-05:00" level=info msg="Container 2396f78c63e8c92388f98fbde34eb818eba374ed3552e231a5cfb9e415b4ef49 failed to exit within 10 seconds of signal 15 - using the force"
time="2020-05-23T22:20:50.643256974-05:00" level=info msg="ignoring event" module=libcontainerd namespace=moby topic=/tasks/delete type="*events.TaskDelete"
time="2020-05-23T22:20:50.643818213-05:00" level=warning msg="rmServiceBinding 6c706cc2ce6606c3a6ee2f32827664845703078e63092de065c0edbfe54c4c31 possible transient state ok:false entries:0 set:false "
time="2020-05-23T22:20:52.515192587-05:00" level=warning msg="Error (Unable to complete atomic operation, key modified) deleting object [endpoint mvn3wrk1uf4jf0wubu0fayhnh f484619cbc463a6aec75f1b0eb6a9763eed8debf5ff2275bf041d7d059e9b8d9], retrying...."
time="2020-05-23T22:20:52.791564190-05:00" level=info msg="initialized VXLAN UDP port to 4789 "
time="2020-05-23T22:21:09.246610405-05:00" level=info msg="parsed scheme: \"\"" module=grpc
time="2020-05-23T22:21:09.246671544-05:00" level=info msg="scheme \"\" not registered, fallback to default scheme" module=grpc
time="2020-05-23T22:21:09.246691269-05:00" level=info msg="ccResolverWrapper: sending update to cc: {[{ 0  <nil>}] <nil>}" module=grpc
time="2020-05-23T22:21:09.246703024-05:00" level=info msg="ClientConn switching balancer to \"pick_first\"" module=grpc
Current time:  2020-05-23 22:21:12.231174783 -0500 CDT m=+2032.914089420, Starting the download of the layers.
2020-05-23 22:21:12.231270298 -0500 CDT m=+2032.914184846 --->	  Waiting for top download.
2020-05-23 22:21:13.353297232 -0500 CDT m=+2034.036211967 --->	  Top download downlaoded.
2020-05-23 22:21:13.353379223 -0500 CDT m=+2034.036294002 --->	  Downlaoded image in time: 1.12214106s
Current time:  2020-05-23 22:21:16.674756344 -0500 CDT m=+2037.357670949, Starting the download of the layers.
2020-05-23 22:21:16.674846285 -0500 CDT m=+2037.357760850 --->	  Waiting for top download.
Current time:  2020-05-23 22:21:16.756503763 -0500 CDT m=+2037.439418317, Starting the download of the layers.
2020-05-23 22:21:16.756638492 -0500 CDT m=+2037.439553043 --->	  Waiting for top download.
2020-05-23 22:21:18.252210805 -0500 CDT m=+2038.935125385 --->	  Top download downlaoded.
2020-05-23 22:21:18.252240328 -0500 CDT m=+2038.935154926 --->	  Downlaoded image in time: 1.577427027s
2020-05-23 22:21:24.107939682 -0500 CDT m=+2044.790854407 --->	  Wait for parent download lasted for: 7.018744318s
2020-05-23 22:21:24.911143361 -0500 CDT m=+2045.594058090 --->	  Wait for parent download lasted for: 7.709759855s
2020-05-23 22:21:25.399942558 -0500 CDT m=+2046.082857283 --->	  Wait for parent download lasted for: 8.168220622s
2020-05-23 22:21:26.793844406 -0500 CDT m=+2047.476759134 --->	  Wait for parent download lasted for: 9.504558576s
2020-05-23 22:21:28.233728389 -0500 CDT m=+2048.916643116 --->	  Wait for parent download lasted for: 10.919481808s
2020-05-23 22:21:30.647523615 -0500 CDT m=+2051.330438314 --->	  Wait for parent download lasted for: 13.257954791s
2020-05-23 22:21:31.067160367 -0500 CDT m=+2051.750075053 --->	  Top download downlaoded.
2020-05-23 22:21:31.067226299 -0500 CDT m=+2051.750141001 --->	  Downlaoded image in time: 14.31067232s
time="2020-05-23T22:22:24.074262544-05:00" level=info msg="NetworkDB stats singularity4.cs.tamu.edu(ed0189bfcd3b) - netID:pj52d1c4x7eu0yni960aj7tog leaving:false netPeers:2 entries:8 Queue qLen:0 netMsg/s:0"
time="2020-05-23T22:22:24.074420377-05:00" level=info msg="NetworkDB stats singularity4.cs.tamu.edu(ed0189bfcd3b) - netID:mvn3wrk1uf4jf0wubu0fayhnh leaving:true netPeers:1 entries:12 Queue qLen:0 netMsg/s:0"
time="2020-05-23T22:25:58.210225407-05:00" level=error msg="failed to kill runc 8cbc5yjm4xxbtdy5smu163hhy: runc did not terminate successfully: container not running\n"
time="2020-05-23T22:25:58.210225432-05:00" level=error msg="failed to kill runc 3xcc6hhak4zuffzqswwt6co52: runc did not terminate successfully: container not running\n"
time="2020-05-23T22:25:58.279814572-05:00" level=error msg="failed to kill runc u4ao6789ww56fbkl1sa87d856: runc did not terminate successfully: container not running\n"
time="2020-05-23T22:25:58.279977130-05:00" level=error msg="failed to kill runc jgl7es0j5l44oan70jtbcili5: runc did not terminate successfully: container not running\n"
time="2020-05-23T22:25:58.330829811-05:00" level=error msg="failed to kill runc 3xcc6hhak4zuffzqswwt6co52: runc did not terminate successfully: container not running\n"
time="2020-05-23T22:25:58.335130052-05:00" level=error msg="failed to kill runc 8cbc5yjm4xxbtdy5smu163hhy: runc did not terminate successfully: container not running\n"
time="2020-05-23T22:25:58.494564845-05:00" level=error msg="failed to kill runc jgl7es0j5l44oan70jtbcili5: runc did not terminate successfully: container not running\n"
time="2020-05-23T22:25:58.494580014-05:00" level=error msg="failed to kill runc u4ao6789ww56fbkl1sa87d856: runc did not terminate successfully: container not running\n"
time="2020-05-23T22:25:58.539428553-05:00" level=error msg="failed to kill runc 3xcc6hhak4zuffzqswwt6co52: runc did not terminate successfully: container not running\n"
time="2020-05-23T22:25:58.539427725-05:00" level=error msg="failed to kill runc 8cbc5yjm4xxbtdy5smu163hhy: runc did not terminate successfully: container not running\n"
time="2020-05-23T22:25:58.672986273-05:00" level=error msg="failed to kill runc 3xcc6hhak4zuffzqswwt6co52: runc did not terminate successfully: container not running\n"
time="2020-05-23T22:25:58.673146914-05:00" level=error msg="failed to kill runc u4ao6789ww56fbkl1sa87d856: runc did not terminate successfully: container not running\n"
time="2020-05-23T22:25:58.673527982-05:00" level=error msg="failed to kill runc jgl7es0j5l44oan70jtbcili5: runc did not terminate successfully: container not running\n"
time="2020-05-23T22:25:58.689600749-05:00" level=error msg="failed to kill runc 8cbc5yjm4xxbtdy5smu163hhy: runc did not terminate successfully: container not running\n"
time="2020-05-23T22:25:58.972982818-05:00" level=error msg="failed to kill runc u4ao6789ww56fbkl1sa87d856: runc did not terminate successfully: container not running\n"
time="2020-05-23T22:25:59.035254638-05:00" level=error msg="failed to kill runc 3xcc6hhak4zuffzqswwt6co52: runc did not terminate successfully: container not running\n"
time="2020-05-23T22:25:59.073976246-05:00" level=error msg="failed to kill runc jgl7es0j5l44oan70jtbcili5: runc did not terminate successfully: container not running\n"
time="2020-05-23T22:25:59.073975539-05:00" level=error msg="failed to kill runc 8cbc5yjm4xxbtdy5smu163hhy: runc did not terminate successfully: container not running\n"
time="2020-05-23T22:25:59.164946723-05:00" level=error msg="failed to kill runc u4ao6789ww56fbkl1sa87d856: runc did not terminate successfully: container not running\n"
time="2020-05-23T22:25:59.217730078-05:00" level=error msg="failed to kill runc jgl7es0j5l44oan70jtbcili5: runc did not terminate successfully: container not running\n"
time="2020-05-23T22:25:59.220266008-05:00" level=error msg="failed to kill runc 8cbc5yjm4xxbtdy5smu163hhy: runc did not terminate successfully: container not running\n"
time="2020-05-23T22:25:59.220277945-05:00" level=error msg="failed to kill runc 3xcc6hhak4zuffzqswwt6co52: runc did not terminate successfully: container not running\n"
time="2020-05-23T22:25:59.301652865-05:00" level=error msg="failed to kill runc u4ao6789ww56fbkl1sa87d856: runc did not terminate successfully: container not running\n"
time="2020-05-23T22:25:59.352789494-05:00" level=error msg="failed to kill runc jgl7es0j5l44oan70jtbcili5: runc did not terminate successfully: container not running\n"
time="2020-05-23T22:25:59.393666286-05:00" level=error msg="failed to kill runc 3xcc6hhak4zuffzqswwt6co52: runc did not terminate successfully: container not running\n"
time="2020-05-23T22:25:59.394182734-05:00" level=error msg="failed to kill runc 8cbc5yjm4xxbtdy5smu163hhy: runc did not terminate successfully: container not running\n"
time="2020-05-23T22:25:59.486334611-05:00" level=error msg="failed to kill runc u4ao6789ww56fbkl1sa87d856: runc did not terminate successfully: container not running\n"
time="2020-05-23T22:25:59.536000617-05:00" level=error msg="failed to kill runc jgl7es0j5l44oan70jtbcili5: runc did not terminate successfully: container not running\n"
time="2020-05-23T22:25:59.577073386-05:00" level=error msg="failed to kill runc 3xcc6hhak4zuffzqswwt6co52: runc did not terminate successfully: container not running\n"
time="2020-05-23T22:25:59.578010792-05:00" level=error msg="failed to kill runc 8cbc5yjm4xxbtdy5smu163hhy: runc did not terminate successfully: container not running\n"
time="2020-05-23T22:25:59.745066342-05:00" level=error msg="failed to kill runc u4ao6789ww56fbkl1sa87d856: runc did not terminate successfully: container not running\n"
time="2020-05-23T22:25:59.792597766-05:00" level=error msg="failed to kill runc 3xcc6hhak4zuffzqswwt6co52: runc did not terminate successfully: container not running\n"
time="2020-05-23T22:25:59.792670613-05:00" level=error msg="failed to kill runc jgl7es0j5l44oan70jtbcili5: runc did not terminate successfully: container not running\n"
time="2020-05-23T22:25:59.793222418-05:00" level=error msg="failed to kill runc 8cbc5yjm4xxbtdy5smu163hhy: runc did not terminate successfully: container not running\n"
time="2020-05-23T22:25:59.876786798-05:00" level=error msg="failed to kill runc u4ao6789ww56fbkl1sa87d856: runc did not terminate successfully: container not running\n"
time="2020-05-23T22:25:59.932782655-05:00" level=error msg="failed to kill runc jgl7es0j5l44oan70jtbcili5: runc did not terminate successfully: container not running\n"
time="2020-05-23T22:25:59.996627984-05:00" level=error msg="failed to kill runc 8cbc5yjm4xxbtdy5smu163hhy: runc did not terminate successfully: container not running\n"
time="2020-05-23T22:26:00.000992137-05:00" level=error msg="failed to kill runc 3xcc6hhak4zuffzqswwt6co52: runc did not terminate successfully: container not running\n"
time="2020-05-23T22:26:00.036017996-05:00" level=error msg="failed to kill runc u4ao6789ww56fbkl1sa87d856: runc did not terminate successfully: container not running\n"
time="2020-05-23T22:26:00.093598283-05:00" level=error msg="failed to kill runc jgl7es0j5l44oan70jtbcili5: runc did not terminate successfully: container not running\n"
time="2020-05-23T22:26:00.144480378-05:00" level=error msg="failed to kill runc 3xcc6hhak4zuffzqswwt6co52: runc did not terminate successfully: container not running\n"
time="2020-05-23T22:26:00.144525070-05:00" level=error msg="failed to kill runc 8cbc5yjm4xxbtdy5smu163hhy: runc did not terminate successfully: container not running\n"
time="2020-05-23T22:26:00.215107569-05:00" level=error msg="failed to kill runc u4ao6789ww56fbkl1sa87d856: runc did not terminate successfully: container not running\n"
time="2020-05-23T22:26:00.253688503-05:00" level=error msg="failed to kill runc 3xcc6hhak4zuffzqswwt6co52: runc did not terminate successfully: container not running\n"
time="2020-05-23T22:26:00.253896556-05:00" level=error msg="failed to kill runc 8cbc5yjm4xxbtdy5smu163hhy: runc did not terminate successfully: container not running\n"
time="2020-05-23T22:26:00.257695034-05:00" level=error msg="failed to kill runc jgl7es0j5l44oan70jtbcili5: runc did not terminate successfully: container not running\n"
time="2020-05-23T22:26:00.403941832-05:00" level=error msg="failed to kill runc u4ao6789ww56fbkl1sa87d856: runc did not terminate successfully: container not running\n"
time="2020-05-23T22:26:00.403986765-05:00" level=error msg="failed to kill runc 8cbc5yjm4xxbtdy5smu163hhy: runc did not terminate successfully: container not running\n"
time="2020-05-23T22:26:00.405275470-05:00" level=error msg="failed to kill runc 3xcc6hhak4zuffzqswwt6co52: runc did not terminate successfully: container not running\n"
time="2020-05-23T22:26:00.420514575-05:00" level=error msg="failed to kill runc jgl7es0j5l44oan70jtbcili5: runc did not terminate successfully: container not running\n"
time="2020-05-23T22:26:00.604901873-05:00" level=error msg="failed to kill runc 8cbc5yjm4xxbtdy5smu163hhy: runc did not terminate successfully: container not running\n"
time="2020-05-23T22:26:00.606236325-05:00" level=error msg="failed to kill runc u4ao6789ww56fbkl1sa87d856: runc did not terminate successfully: container not running\n"
time="2020-05-23T22:26:00.621095786-05:00" level=error msg="failed to kill runc 3xcc6hhak4zuffzqswwt6co52: runc did not terminate successfully: container not running\n"
time="2020-05-23T22:26:00.623942560-05:00" level=error msg="failed to kill runc jgl7es0j5l44oan70jtbcili5: runc did not terminate successfully: container not running\n"
time="2020-05-23T22:26:00.746766636-05:00" level=error msg="failed to kill runc 8cbc5yjm4xxbtdy5smu163hhy: runc did not terminate successfully: container not running\n"
time="2020-05-23T22:26:00.746891090-05:00" level=error msg="failed to kill runc jgl7es0j5l44oan70jtbcili5: runc did not terminate successfully: container not running\n"
time="2020-05-23T22:26:00.747283137-05:00" level=error msg="failed to kill runc 3xcc6hhak4zuffzqswwt6co52: runc did not terminate successfully: container not running\n"
time="2020-05-23T22:26:00.747288244-05:00" level=error msg="failed to kill runc u4ao6789ww56fbkl1sa87d856: runc did not terminate successfully: container not running\n"
time="2020-05-23T22:26:00.889467195-05:00" level=error msg="failed to kill runc 3xcc6hhak4zuffzqswwt6co52: runc did not terminate successfully: container not running\n"
time="2020-05-23T22:26:00.889487108-05:00" level=error msg="failed to kill runc 8cbc5yjm4xxbtdy5smu163hhy: runc did not terminate successfully: container not running\n"
time="2020-05-23T22:26:00.931307097-05:00" level=error msg="failed to kill runc u4ao6789ww56fbkl1sa87d856: runc did not terminate successfully: container not running\n"
time="2020-05-23T22:26:00.931441167-05:00" level=error msg="failed to kill runc jgl7es0j5l44oan70jtbcili5: runc did not terminate successfully: container not running\n"
time="2020-05-23T22:26:01.023381210-05:00" level=error msg="failed to kill runc 8cbc5yjm4xxbtdy5smu163hhy: runc did not terminate successfully: container not running\n"
time="2020-05-23T22:26:01.023406655-05:00" level=error msg="failed to kill runc 3xcc6hhak4zuffzqswwt6co52: runc did not terminate successfully: container not running\n"
time="2020-05-23T22:26:01.073023474-05:00" level=error msg="failed to kill runc jgl7es0j5l44oan70jtbcili5: runc did not terminate successfully: container not running\n"
time="2020-05-23T22:26:01.073133184-05:00" level=error msg="failed to kill runc u4ao6789ww56fbkl1sa87d856: runc did not terminate successfully: container not running\n"
time="2020-05-23T22:26:01.139977268-05:00" level=error msg="failed to kill runc 3xcc6hhak4zuffzqswwt6co52: runc did not terminate successfully: container not running\n"
time="2020-05-23T22:26:01.140224630-05:00" level=error msg="failed to kill runc 8cbc5yjm4xxbtdy5smu163hhy: runc did not terminate successfully: container not running\n"
time="2020-05-23T22:26:01.181913827-05:00" level=error msg="failed to kill runc jgl7es0j5l44oan70jtbcili5: runc did not terminate successfully: container not running\n"
time="2020-05-23T22:26:01.182011013-05:00" level=error msg="failed to kill runc u4ao6789ww56fbkl1sa87d856: runc did not terminate successfully: container not running\n"
time="2020-05-23T22:26:01.332574544-05:00" level=error msg="failed to kill runc 3xcc6hhak4zuffzqswwt6co52: runc did not terminate successfully: container not running\n"
time="2020-05-23T22:26:01.332673389-05:00" level=error msg="failed to kill runc 8cbc5yjm4xxbtdy5smu163hhy: runc did not terminate successfully: container not running\n"
time="2020-05-23T22:26:01.398993083-05:00" level=error msg="failed to kill runc u4ao6789ww56fbkl1sa87d856: runc did not terminate successfully: container not running\n"
time="2020-05-23T22:26:01.443449715-05:00" level=error msg="failed to kill runc jgl7es0j5l44oan70jtbcili5: runc did not terminate successfully: container not running\n"
time="2020-05-23T22:26:01.493580572-05:00" level=error msg="failed to kill runc 3xcc6hhak4zuffzqswwt6co52: runc did not terminate successfully: container not running\n"
time="2020-05-23T22:26:01.493593056-05:00" level=error msg="failed to kill runc 8cbc5yjm4xxbtdy5smu163hhy: runc did not terminate successfully: container not running\n"
time="2020-05-23T22:26:01.532852575-05:00" level=error msg="failed to kill runc u4ao6789ww56fbkl1sa87d856: runc did not terminate successfully: container not running\n"
time="2020-05-23T22:26:01.613981843-05:00" level=error msg="failed to kill runc jgl7es0j5l44oan70jtbcili5: runc did not terminate successfully: container not running\n"
time="2020-05-23T22:26:01.660505026-05:00" level=error msg="failed to kill runc 8cbc5yjm4xxbtdy5smu163hhy: runc did not terminate successfully: container \"8cbc5yjm4xxbtdy5smu163hhy\" does not exist\n"
time="2020-05-23T22:26:01.660790750-05:00" level=error msg="failed to kill runc 3xcc6hhak4zuffzqswwt6co52: runc did not terminate successfully: container \"3xcc6hhak4zuffzqswwt6co52\" does not exist\n"
time="2020-05-23T22:26:01.661468354-05:00" level=error msg="failed to kill runc u4ao6789ww56fbkl1sa87d856: runc did not terminate successfully: container not running\n"
time="2020-05-23T22:26:01.777025287-05:00" level=error msg="failed to kill runc jgl7es0j5l44oan70jtbcili5: runc did not terminate successfully: container not running\n"
time="2020-05-23T22:26:01.842338868-05:00" level=error msg="failed to kill runc u4ao6789ww56fbkl1sa87d856: runc did not terminate successfully: container not running\n"
time="2020-05-23T22:26:01.844854652-05:00" level=error msg="failed to kill runc 8cbc5yjm4xxbtdy5smu163hhy: runc did not terminate successfully: container \"8cbc5yjm4xxbtdy5smu163hhy\" does not exist\n"
time="2020-05-23T22:26:01.959362999-05:00" level=error msg="failed to kill runc 8cbc5yjm4xxbtdy5smu163hhy: runc did not terminate successfully: container \"8cbc5yjm4xxbtdy5smu163hhy\" does not exist\n"
time="2020-05-23T22:26:01.959432992-05:00" level=error msg="failed to kill runc jgl7es0j5l44oan70jtbcili5: runc did not terminate successfully: container not running\n"
time="2020-05-23T22:26:01.959928117-05:00" level=error msg="failed to kill runc u4ao6789ww56fbkl1sa87d856: runc did not terminate successfully: container not running\n"
time="2020-05-23T22:26:02.117435361-05:00" level=error msg="failed to kill runc jgl7es0j5l44oan70jtbcili5: runc did not terminate successfully: container not running\n"
time="2020-05-23T22:26:02.119173433-05:00" level=error msg="failed to kill runc 8cbc5yjm4xxbtdy5smu163hhy: runc did not terminate successfully: container \"8cbc5yjm4xxbtdy5smu163hhy\" does not exist\n"
time="2020-05-23T22:26:02.126156713-05:00" level=error msg="failed to kill runc u4ao6789ww56fbkl1sa87d856: runc did not terminate successfully: container not running\n"
time="2020-05-23T22:26:02.244016315-05:00" level=error msg="failed to kill runc 8cbc5yjm4xxbtdy5smu163hhy: runc did not terminate successfully: container \"8cbc5yjm4xxbtdy5smu163hhy\" does not exist\n"
time="2020-05-23T22:26:02.244016331-05:00" level=error msg="failed to kill runc jgl7es0j5l44oan70jtbcili5: runc did not terminate successfully: container not running\n"
time="2020-05-23T22:26:02.277952421-05:00" level=error msg="failed to kill runc u4ao6789ww56fbkl1sa87d856: runc did not terminate successfully: container not running\n"
time="2020-05-23T22:26:02.427494360-05:00" level=error msg="failed to kill runc jgl7es0j5l44oan70jtbcili5: runc did not terminate successfully: container not running\n"
time="2020-05-23T22:26:02.427549783-05:00" level=error msg="failed to kill runc 8cbc5yjm4xxbtdy5smu163hhy: runc did not terminate successfully: container \"8cbc5yjm4xxbtdy5smu163hhy\" does not exist\n"
time="2020-05-23T22:26:02.435814977-05:00" level=error msg="failed to kill runc u4ao6789ww56fbkl1sa87d856: runc did not terminate successfully: container not running\n"
time="2020-05-23T22:26:02.619765117-05:00" level=error msg="failed to kill runc 8cbc5yjm4xxbtdy5smu163hhy: runc did not terminate successfully: container \"8cbc5yjm4xxbtdy5smu163hhy\" does not exist\n"
time="2020-05-23T22:26:02.619812149-05:00" level=error msg="failed to kill runc jgl7es0j5l44oan70jtbcili5: runc did not terminate successfully: container not running\n"
time="2020-05-23T22:26:02.620585487-05:00" level=error msg="failed to kill runc u4ao6789ww56fbkl1sa87d856: runc did not terminate successfully: container not running\n"
time="2020-05-23T22:26:02.786653828-05:00" level=error msg="failed to kill runc 8cbc5yjm4xxbtdy5smu163hhy: runc did not terminate successfully: container \"8cbc5yjm4xxbtdy5smu163hhy\" does not exist\n"
time="2020-05-23T22:26:02.786684522-05:00" level=error msg="failed to kill runc jgl7es0j5l44oan70jtbcili5: runc did not terminate successfully: container not running\n"
time="2020-05-23T22:26:02.802857945-05:00" level=error msg="failed to kill runc u4ao6789ww56fbkl1sa87d856: runc did not terminate successfully: container not running\n"
time="2020-05-23T22:26:03.005137732-05:00" level=error msg="failed to kill runc jgl7es0j5l44oan70jtbcili5: runc did not terminate successfully: container not running\n"
time="2020-05-23T22:26:03.005155894-05:00" level=error msg="failed to kill runc 8cbc5yjm4xxbtdy5smu163hhy: runc did not terminate successfully: container \"8cbc5yjm4xxbtdy5smu163hhy\" does not exist\n"
time="2020-05-23T22:26:03.020009386-05:00" level=error msg="failed to kill runc u4ao6789ww56fbkl1sa87d856: runc did not terminate successfully: container not running\n"
time="2020-05-23T22:26:03.145950297-05:00" level=error msg="failed to kill runc 8cbc5yjm4xxbtdy5smu163hhy: runc did not terminate successfully: container \"8cbc5yjm4xxbtdy5smu163hhy\" does not exist\n"
time="2020-05-23T22:26:03.154677461-05:00" level=error msg="failed to kill runc jgl7es0j5l44oan70jtbcili5: runc did not terminate successfully: container not running\n"
time="2020-05-23T22:26:03.162791412-05:00" level=error msg="failed to kill runc u4ao6789ww56fbkl1sa87d856: runc did not terminate successfully: container not running\n"
time="2020-05-23T22:26:03.288100305-05:00" level=error msg="failed to kill runc 8cbc5yjm4xxbtdy5smu163hhy: runc did not terminate successfully: container \"8cbc5yjm4xxbtdy5smu163hhy\" does not exist\n"
time="2020-05-23T22:26:03.295639933-05:00" level=error msg="failed to kill runc jgl7es0j5l44oan70jtbcili5: runc did not terminate successfully: container not running\n"
time="2020-05-23T22:26:03.319583585-05:00" level=error msg="failed to kill runc u4ao6789ww56fbkl1sa87d856: runc did not terminate successfully: container not running\n"
time="2020-05-23T22:26:03.495236245-05:00" level=error msg="failed to kill runc 8cbc5yjm4xxbtdy5smu163hhy: runc did not terminate successfully: container \"8cbc5yjm4xxbtdy5smu163hhy\" does not exist\n"
time="2020-05-23T22:26:03.513959447-05:00" level=error msg="failed to kill runc u4ao6789ww56fbkl1sa87d856: runc did not terminate successfully: container not running\n"
time="2020-05-23T22:26:03.514014954-05:00" level=error msg="failed to kill runc jgl7es0j5l44oan70jtbcili5: runc did not terminate successfully: container not running\n"
time="2020-05-23T22:26:03.647819052-05:00" level=error msg="failed to kill runc 8cbc5yjm4xxbtdy5smu163hhy: runc did not terminate successfully: container \"8cbc5yjm4xxbtdy5smu163hhy\" does not exist\n"
time="2020-05-23T22:26:03.706041602-05:00" level=error msg="failed to kill runc u4ao6789ww56fbkl1sa87d856: runc did not terminate successfully: container not running\n"
time="2020-05-23T22:26:03.706532437-05:00" level=error msg="failed to kill runc jgl7es0j5l44oan70jtbcili5: runc did not terminate successfully: container not running\n"
time="2020-05-23T22:26:03.825774204-05:00" level=error msg="failed to kill runc 8cbc5yjm4xxbtdy5smu163hhy: runc did not terminate successfully: container \"8cbc5yjm4xxbtdy5smu163hhy\" does not exist\n"
time="2020-05-23T22:26:03.857080681-05:00" level=error msg="failed to kill runc u4ao6789ww56fbkl1sa87d856: runc did not terminate successfully: container not running\n"
time="2020-05-23T22:26:03.857089802-05:00" level=error msg="failed to kill runc jgl7es0j5l44oan70jtbcili5: runc did not terminate successfully: container not running\n"
time="2020-05-23T22:26:03.965459431-05:00" level=error msg="failed to kill runc 8cbc5yjm4xxbtdy5smu163hhy: runc did not terminate successfully: container \"8cbc5yjm4xxbtdy5smu163hhy\" does not exist\n"
time="2020-05-23T22:26:04.016016187-05:00" level=error msg="failed to kill runc u4ao6789ww56fbkl1sa87d856: runc did not terminate successfully: container not running\n"
time="2020-05-23T22:26:04.017323026-05:00" level=error msg="failed to kill runc jgl7es0j5l44oan70jtbcili5: runc did not terminate successfully: container not running\n"
time="2020-05-23T22:26:04.200650648-05:00" level=error msg="failed to kill runc u4ao6789ww56fbkl1sa87d856: runc did not terminate successfully: container not running\n"
time="2020-05-23T22:26:04.200651271-05:00" level=error msg="failed to kill runc 8cbc5yjm4xxbtdy5smu163hhy: runc did not terminate successfully: container \"8cbc5yjm4xxbtdy5smu163hhy\" does not exist\n"
time="2020-05-23T22:26:04.208916304-05:00" level=error msg="failed to kill runc jgl7es0j5l44oan70jtbcili5: runc did not terminate successfully: container not running\n"
time="2020-05-23T22:26:04.378881234-05:00" level=error msg="failed to kill runc jgl7es0j5l44oan70jtbcili5: runc did not terminate successfully: container not running\n"
time="2020-05-23T22:26:04.379012780-05:00" level=error msg="failed to kill runc u4ao6789ww56fbkl1sa87d856: runc did not terminate successfully: container not running\n"
time="2020-05-23T22:26:04.554043068-05:00" level=error msg="failed to kill runc u4ao6789ww56fbkl1sa87d856: runc did not terminate successfully: container not running\n"
time="2020-05-23T22:26:04.554178707-05:00" level=error msg="failed to kill runc jgl7es0j5l44oan70jtbcili5: runc did not terminate successfully: container not running\n"
time="2020-05-23T22:26:04.738260870-05:00" level=error msg="failed to kill runc jgl7es0j5l44oan70jtbcili5: runc did not terminate successfully: container not running\n"
time="2020-05-23T22:26:04.738374235-05:00" level=error msg="failed to kill runc u4ao6789ww56fbkl1sa87d856: runc did not terminate successfully: container not running\n"
time="2020-05-23T22:26:04.867308597-05:00" level=error msg="failed to kill runc u4ao6789ww56fbkl1sa87d856: runc did not terminate successfully: container not running\n"
time="2020-05-23T22:26:04.869596889-05:00" level=error msg="failed to kill runc jgl7es0j5l44oan70jtbcili5: runc did not terminate successfully: container not running\n"
time="2020-05-23T22:26:04.996123400-05:00" level=error msg="failed to kill runc u4ao6789ww56fbkl1sa87d856: runc did not terminate successfully: container not running\n"
time="2020-05-23T22:26:05.162984727-05:00" level=error msg="failed to kill runc u4ao6789ww56fbkl1sa87d856: runc did not terminate successfully: container not running\n"
time="2020-05-23T22:26:05.330717143-05:00" level=error msg="failed to kill runc u4ao6789ww56fbkl1sa87d856: runc did not terminate successfully: container not running\n"
time="2020-05-23T22:26:05.480932190-05:00" level=error msg="failed to kill runc u4ao6789ww56fbkl1sa87d856: runc did not terminate successfully: container not running\n"
time="2020-05-23T22:26:05.621507003-05:00" level=error msg="failed to kill runc u4ao6789ww56fbkl1sa87d856: runc did not terminate successfully: container not running\n"
time="2020-05-23T22:26:05.740134871-05:00" level=error msg="failed to kill runc u4ao6789ww56fbkl1sa87d856: runc did not terminate successfully: container not running\n"
time="2020-05-23T22:26:05.880347514-05:00" level=error msg="failed to kill runc u4ao6789ww56fbkl1sa87d856: runc did not terminate successfully: container not running\n"
time="2020-05-23T22:26:06.008802458-05:00" level=error msg="failed to kill runc u4ao6789ww56fbkl1sa87d856: runc did not terminate successfully: container not running\n"
time="2020-05-23T22:26:06.142018406-05:00" level=error msg="failed to kill runc u4ao6789ww56fbkl1sa87d856: runc did not terminate successfully: container not running\n"
time="2020-05-23T22:26:06.288673023-05:00" level=error msg="failed to kill runc u4ao6789ww56fbkl1sa87d856: runc did not terminate successfully: container not running\n"
time="2020-05-23T22:26:06.400853806-05:00" level=error msg="failed to kill runc u4ao6789ww56fbkl1sa87d856: runc did not terminate successfully: container not running\n"
time="2020-05-23T22:26:07.303736358-05:00" level=error msg="failed to kill runc u4ao6789ww56fbkl1sa87d856: runc did not terminate successfully: container not running\n"
time="2020-05-23T22:26:07.714031617-05:00" level=error msg="failed to kill runc u4ao6789ww56fbkl1sa87d856: runc did not terminate successfully: container not running\n"
time="2020-05-23T22:26:07.891318012-05:00" level=error msg="failed to kill runc u4ao6789ww56fbkl1sa87d856: runc did not terminate successfully: container not running\n"
time="2020-05-23T22:26:08.130438240-05:00" level=error msg="failed to kill runc u4ao6789ww56fbkl1sa87d856: runc did not terminate successfully: container not running\n"
time="2020-05-23T22:26:08.280907677-05:00" level=error msg="failed to kill runc u4ao6789ww56fbkl1sa87d856: runc did not terminate successfully: container not running\n"
time="2020-05-23T22:26:08.447556938-05:00" level=error msg="failed to kill runc u4ao6789ww56fbkl1sa87d856: runc did not terminate successfully: container not running\n"
time="2020-05-23T22:26:08.564577302-05:00" level=error msg="failed to kill runc u4ao6789ww56fbkl1sa87d856: runc did not terminate successfully: container not running\n"
time="2020-05-23T22:26:08.908715854-05:00" level=error msg="failed to kill runc u4ao6789ww56fbkl1sa87d856: runc did not terminate successfully: container not running\n"
time="2020-05-23T22:26:09.272826872-05:00" level=error msg="failed to kill runc u4ao6789ww56fbkl1sa87d856: runc did not terminate successfully: container not running\n"
time="2020-05-23T22:26:09.384857215-05:00" level=error msg="failed to kill runc u4ao6789ww56fbkl1sa87d856: runc did not terminate successfully: container not running\n"
time="2020-05-23T22:26:09.548057874-05:00" level=error msg="failed to kill runc u4ao6789ww56fbkl1sa87d856: runc did not terminate successfully: container not running\n"
time="2020-05-23T22:26:09.694279906-05:00" level=error msg="failed to kill runc u4ao6789ww56fbkl1sa87d856: runc did not terminate successfully: container not running\n"
time="2020-05-23T22:26:09.819782412-05:00" level=error msg="failed to kill runc u4ao6789ww56fbkl1sa87d856: runc did not terminate successfully: container not running\n"
time="2020-05-23T22:26:09.981660313-05:00" level=error msg="failed to kill runc u4ao6789ww56fbkl1sa87d856: runc did not terminate successfully: container not running\n"
time="2020-05-23T22:26:10.123336823-05:00" level=error msg="failed to kill runc u4ao6789ww56fbkl1sa87d856: runc did not terminate successfully: container not running\n"
time="2020-05-23T22:26:10.339418594-05:00" level=error msg="failed to kill runc u4ao6789ww56fbkl1sa87d856: runc did not terminate successfully: container not running\n"
time="2020-05-23T22:26:10.480508384-05:00" level=error msg="failed to kill runc u4ao6789ww56fbkl1sa87d856: runc did not terminate successfully: container not running\n"
time="2020-05-23T22:26:10.632004184-05:00" level=error msg="failed to kill runc u4ao6789ww56fbkl1sa87d856: runc did not terminate successfully: container not running\n"
time="2020-05-23T22:26:10.839730020-05:00" level=error msg="failed to kill runc u4ao6789ww56fbkl1sa87d856: runc did not terminate successfully: container not running\n"
time="2020-05-23T22:26:10.973005182-05:00" level=error msg="failed to kill runc u4ao6789ww56fbkl1sa87d856: runc did not terminate successfully: container not running\n"
time="2020-05-23T22:26:11.099141470-05:00" level=error msg="failed to kill runc u4ao6789ww56fbkl1sa87d856: runc did not terminate successfully: container not running\n"
time="2020-05-23T22:26:11.274998001-05:00" level=error msg="failed to kill runc u4ao6789ww56fbkl1sa87d856: runc did not terminate successfully: container not running\n"
time="2020-05-23T22:26:16.885897748-05:00" level=error msg="failed to kill runc pl5pbo3w6kyfbaqw57cm5gh1v: runc did not terminate successfully: container not running\n"
time="2020-05-23T22:26:16.997086764-05:00" level=error msg="failed to kill runc pl5pbo3w6kyfbaqw57cm5gh1v: runc did not terminate successfully: container not running\n"
time="2020-05-23T22:26:17.151483428-05:00" level=error msg="failed to kill runc pl5pbo3w6kyfbaqw57cm5gh1v: runc did not terminate successfully: container not running\n"
time="2020-05-23T22:26:17.301246836-05:00" level=error msg="failed to kill runc pl5pbo3w6kyfbaqw57cm5gh1v: runc did not terminate successfully: container not running\n"
time="2020-05-23T22:26:17.431647887-05:00" level=error msg="failed to kill runc pl5pbo3w6kyfbaqw57cm5gh1v: runc did not terminate successfully: container not running\n"
time="2020-05-23T22:26:17.576104671-05:00" level=error msg="failed to kill runc pl5pbo3w6kyfbaqw57cm5gh1v: runc did not terminate successfully: container not running\n"
time="2020-05-23T22:26:17.726164586-05:00" level=error msg="failed to kill runc pl5pbo3w6kyfbaqw57cm5gh1v: runc did not terminate successfully: container not running\n"
time="2020-05-23T22:26:17.841618464-05:00" level=error msg="failed to kill runc pl5pbo3w6kyfbaqw57cm5gh1v: runc did not terminate successfully: container not running\n"
time="2020-05-23T22:26:18.003425386-05:00" level=error msg="failed to kill runc pl5pbo3w6kyfbaqw57cm5gh1v: runc did not terminate successfully: container not running\n"
time="2020-05-23T22:26:18.126845824-05:00" level=error msg="failed to kill runc pl5pbo3w6kyfbaqw57cm5gh1v: runc did not terminate successfully: container not running\n"
time="2020-05-23T22:26:18.277270908-05:00" level=error msg="failed to kill runc pl5pbo3w6kyfbaqw57cm5gh1v: runc did not terminate successfully: container not running\n"
time="2020-05-23T22:26:18.469916963-05:00" level=error msg="failed to kill runc pl5pbo3w6kyfbaqw57cm5gh1v: runc did not terminate successfully: container not running\n"
time="2020-05-23T22:26:18.577903598-05:00" level=error msg="failed to kill runc pl5pbo3w6kyfbaqw57cm5gh1v: runc did not terminate successfully: container not running\n"
time="2020-05-23T22:26:18.784964647-05:00" level=error msg="failed to kill runc pl5pbo3w6kyfbaqw57cm5gh1v: runc did not terminate successfully: container not running\n"
time="2020-05-23T22:26:18.896349205-05:00" level=error msg="failed to kill runc pl5pbo3w6kyfbaqw57cm5gh1v: runc did not terminate successfully: container not running\n"
time="2020-05-23T22:26:19.063344380-05:00" level=error msg="failed to kill runc pl5pbo3w6kyfbaqw57cm5gh1v: runc did not terminate successfully: container not running\n"
time="2020-05-23T22:26:19.206469425-05:00" level=error msg="failed to kill runc pl5pbo3w6kyfbaqw57cm5gh1v: runc did not terminate successfully: container not running\n"
time="2020-05-23T22:26:19.335196436-05:00" level=error msg="failed to kill runc pl5pbo3w6kyfbaqw57cm5gh1v: runc did not terminate successfully: container not running\n"
time="2020-05-23T22:26:19.465618304-05:00" level=error msg="failed to kill runc pl5pbo3w6kyfbaqw57cm5gh1v: runc did not terminate successfully: container not running\n"
time="2020-05-23T22:26:19.610613711-05:00" level=error msg="failed to kill runc pl5pbo3w6kyfbaqw57cm5gh1v: runc did not terminate successfully: container not running\n"
time="2020-05-23T22:26:19.802194891-05:00" level=error msg="failed to kill runc pl5pbo3w6kyfbaqw57cm5gh1v: runc did not terminate successfully: container not running\n"
time="2020-05-23T22:26:26.306549708-05:00" level=error msg="failed to kill runc spgt2w5r02dq02207q17gqgq0: runc did not terminate successfully: container not running\n"
time="2020-05-23T22:26:26.463540235-05:00" level=error msg="failed to kill runc spgt2w5r02dq02207q17gqgq0: runc did not terminate successfully: container not running\n"
time="2020-05-23T22:26:26.615732773-05:00" level=error msg="failed to kill runc spgt2w5r02dq02207q17gqgq0: runc did not terminate successfully: container not running\n"
time="2020-05-23T22:26:26.780300294-05:00" level=error msg="failed to kill runc spgt2w5r02dq02207q17gqgq0: runc did not terminate successfully: container not running\n"
time="2020-05-23T22:26:26.917389282-05:00" level=error msg="failed to kill runc spgt2w5r02dq02207q17gqgq0: runc did not terminate successfully: container not running\n"
time="2020-05-23T22:26:27.055453739-05:00" level=error msg="failed to kill runc spgt2w5r02dq02207q17gqgq0: runc did not terminate successfully: container not running\n"
time="2020-05-23T22:26:27.197251574-05:00" level=error msg="failed to kill runc spgt2w5r02dq02207q17gqgq0: runc did not terminate successfully: container not running\n"
time="2020-05-23T22:26:27.314232095-05:00" level=error msg="failed to kill runc spgt2w5r02dq02207q17gqgq0: runc did not terminate successfully: container not running\n"
time="2020-05-23T22:26:27.447676445-05:00" level=error msg="failed to kill runc spgt2w5r02dq02207q17gqgq0: runc did not terminate successfully: container not running\n"
time="2020-05-23T22:26:27.662381122-05:00" level=error msg="failed to kill runc spgt2w5r02dq02207q17gqgq0: runc did not terminate successfully: container not running\n"
time="2020-05-23T22:26:27.797727439-05:00" level=error msg="failed to kill runc spgt2w5r02dq02207q17gqgq0: runc did not terminate successfully: container not running\n"
time="2020-05-23T22:26:27.964310497-05:00" level=error msg="failed to kill runc spgt2w5r02dq02207q17gqgq0: runc did not terminate successfully: container not running\n"
time="2020-05-23T22:26:28.113343186-05:00" level=error msg="failed to kill runc spgt2w5r02dq02207q17gqgq0: runc did not terminate successfully: container not running\n"
time="2020-05-23T22:26:28.272716514-05:00" level=error msg="failed to kill runc spgt2w5r02dq02207q17gqgq0: runc did not terminate successfully: container not running\n"
time="2020-05-23T22:26:28.422451218-05:00" level=error msg="failed to kill runc spgt2w5r02dq02207q17gqgq0: runc did not terminate successfully: container not running\n"
time="2020-05-23T22:26:28.547795671-05:00" level=error msg="failed to kill runc spgt2w5r02dq02207q17gqgq0: runc did not terminate successfully: container not running\n"
time="2020-05-23T22:26:28.706530477-05:00" level=error msg="failed to kill runc spgt2w5r02dq02207q17gqgq0: runc did not terminate successfully: container not running\n"
time="2020-05-23T22:26:28.839605840-05:00" level=error msg="failed to kill runc spgt2w5r02dq02207q17gqgq0: runc did not terminate successfully: container not running\n"
time="2020-05-23T22:26:28.983204832-05:00" level=error msg="failed to kill runc spgt2w5r02dq02207q17gqgq0: runc did not terminate successfully: container not running\n"
time="2020-05-23T22:26:29.164768498-05:00" level=error msg="failed to kill runc spgt2w5r02dq02207q17gqgq0: runc did not terminate successfully: container not running\n"
time="2020-05-23T22:26:29.314531015-05:00" level=error msg="failed to kill runc spgt2w5r02dq02207q17gqgq0: runc did not terminate successfully: container not running\n"
time="2020-05-23T22:26:29.467575016-05:00" level=error msg="failed to kill runc spgt2w5r02dq02207q17gqgq0: runc did not terminate successfully: container not running\n"
time="2020-05-23T22:26:32.057635245-05:00" level=error msg="failed to kill runc i9hd3okl5cx3zls5u1tur4yqy: runc did not terminate successfully: container not running\n"
time="2020-05-23T22:26:32.206527116-05:00" level=error msg="failed to kill runc i9hd3okl5cx3zls5u1tur4yqy: runc did not terminate successfully: container not running\n"
time="2020-05-23T22:26:32.428657329-05:00" level=error msg="failed to kill runc i9hd3okl5cx3zls5u1tur4yqy: runc did not terminate successfully: container not running\n"
time="2020-05-23T22:26:32.595630319-05:00" level=error msg="failed to kill runc i9hd3okl5cx3zls5u1tur4yqy: runc did not terminate successfully: container not running\n"
time="2020-05-23T22:26:32.756098188-05:00" level=error msg="failed to kill runc i9hd3okl5cx3zls5u1tur4yqy: runc did not terminate successfully: container not running\n"
time="2020-05-23T22:26:32.907968303-05:00" level=error msg="failed to kill runc i9hd3okl5cx3zls5u1tur4yqy: runc did not terminate successfully: container not running\n"
time="2020-05-24T03:26:34Z" level=error msg="fatal error: rpc error: code = Unknown desc = failed to build LLB: executor failed running [/bin/sh -c PREFIX=/build ./install.sh $INSTALL_BINARY_NAME]: runc did not terminate successfully"
panic: rpc error: code = Unknown desc = failed to build LLB: executor failed running [/bin/sh -c PREFIX=/build ./install.sh $INSTALL_BINARY_NAME]: runc did not terminate successfully

goroutine 1 [running]:
main.main()
	/src/frontend/dockerfile/cmd/dockerfile-frontend/main.go:26 +0x34f
time="2020-05-23T22:27:24.274306842-05:00" level=info msg="NetworkDB stats singularity4.cs.tamu.edu(ed0189bfcd3b) - netID:pj52d1c4x7eu0yni960aj7tog leaving:false netPeers:2 entries:8 Queue qLen:0 netMsg/s:0"
time="2020-05-23T22:27:24.274437451-05:00" level=info msg="NetworkDB stats singularity4.cs.tamu.edu(ed0189bfcd3b) - netID:mvn3wrk1uf4jf0wubu0fayhnh leaving:true netPeers:1 entries:12 Queue qLen:0 netMsg/s:0"
time="2020-05-23T22:28:05.048772353-05:00" level=warning msg="grpc: addrConn.createTransport failed to connect to { 0  <nil>}. Err :connection error: desc = \"transport: Error while dialing only one connection allowed\". Reconnecting..." module=grpc
time="2020-05-23T22:28:05.122800300-05:00" level=info msg="Got signal to reload configuration, reloading from: /etc/docker/daemon.json"
time="2020-05-23T22:28:05.123236442-05:00" level=warning msg="insecure registry https://csce-6snvrz2.cs.tamu.edu:5000 should not contain 'https://' and 'https://' has been removed from the insecure registry config"
time="2020-05-23T22:28:05.123619664-05:00" level=info msg="Reloaded configuration: {\"mtu\":1500,\"pidfile\":\"/var/run/docker.pid\",\"data-root\":\"/var/lib/docker\",\"exec-root\":\"/var/run/docker\",\"group\":\"docker\",\"deprecated-key-path\":\"/etc/docker/key.json\",\"max-concurrent-downloads\":3,\"max-concurrent-uploads\":5,\"max-download-attempts\":5,\"shutdown-timeout\":15,\"hosts\":[\"unix:///var/run/docker.sock\"],\"log-level\":\"info\",\"swarm-default-advertise-addr\":\"\",\"swarm-raft-heartbeat-tick\":0,\"swarm-raft-election-tick\":0,\"metrics-addr\":\"\",\"log-driver\":\"json-file\",\"ip\":\"0.0.0.0\",\"icc\":true,\"iptables\":true,\"ip-forward\":true,\"ip-masq\":true,\"userland-proxy\":true,\"default-address-pools\":{},\"network-control-plane-mtu\":1500,\"insecure-registries\":[\"https://csce-6snvrz2.cs.tamu.edu:5000\"],\"experimental\":true,\"containerd\":\"/run/containerd/containerd.sock\",\"builder\":{\"GC\":{},\"Entitlements\":{}},\"containerd-namespace\":\"moby\",\"containerd-plugin-namespace\":\"plugins.moby\",\"runtimes\":{\"runc\":{\"path\":\"runc\"}},\"default-runtime\":\"runc\",\"oom-score-adjust\":-500,\"default-shm-size\":67108864,\"default-ipc-mode\":\"private\",\"default-cgroupns-mode\":\"host\",\"resolv-conf\":\"/etc/resolv.conf\"}"
time="2020-05-23T22:28:05.151408229-05:00" level=info msg="Got signal to reload configuration, reloading from: /etc/docker/daemon.json"
time="2020-05-23T22:28:05.151536576-05:00" level=warning msg="insecure registry https://csce-6snvrz2.cs.tamu.edu:5000 should not contain 'https://' and 'https://' has been removed from the insecure registry config"
time="2020-05-23T22:28:05.151598081-05:00" level=info msg="Reloaded configuration: {\"mtu\":1500,\"pidfile\":\"/var/run/docker.pid\",\"data-root\":\"/var/lib/docker\",\"exec-root\":\"/var/run/docker\",\"group\":\"docker\",\"deprecated-key-path\":\"/etc/docker/key.json\",\"max-concurrent-downloads\":3,\"max-concurrent-uploads\":5,\"max-download-attempts\":5,\"shutdown-timeout\":15,\"hosts\":[\"unix:///var/run/docker.sock\"],\"log-level\":\"info\",\"swarm-default-advertise-addr\":\"\",\"swarm-raft-heartbeat-tick\":0,\"swarm-raft-election-tick\":0,\"metrics-addr\":\"\",\"log-driver\":\"json-file\",\"ip\":\"0.0.0.0\",\"icc\":true,\"iptables\":true,\"ip-forward\":true,\"ip-masq\":true,\"userland-proxy\":true,\"default-address-pools\":{},\"network-control-plane-mtu\":1500,\"insecure-registries\":[\"https://csce-6snvrz2.cs.tamu.edu:5000\"],\"experimental\":true,\"containerd\":\"/run/containerd/containerd.sock\",\"builder\":{\"GC\":{},\"Entitlements\":{}},\"containerd-namespace\":\"moby\",\"containerd-plugin-namespace\":\"plugins.moby\",\"runtimes\":{\"runc\":{\"path\":\"runc\"}},\"default-runtime\":\"runc\",\"oom-score-adjust\":-500,\"default-shm-size\":67108864,\"default-ipc-mode\":\"private\",\"default-cgroupns-mode\":\"host\",\"resolv-conf\":\"/etc/resolv.conf\"}"
time="2020-05-23T22:32:24.474415045-05:00" level=info msg="NetworkDB stats singularity4.cs.tamu.edu(ed0189bfcd3b) - netID:mvn3wrk1uf4jf0wubu0fayhnh leaving:true netPeers:1 entries:12 Queue qLen:0 netMsg/s:0"
time="2020-05-23T22:32:24.474618304-05:00" level=info msg="NetworkDB stats singularity4.cs.tamu.edu(ed0189bfcd3b) - netID:pj52d1c4x7eu0yni960aj7tog leaving:false netPeers:2 entries:8 Queue qLen:0 netMsg/s:0"
time="2020-05-23T22:36:53.911773009-05:00" level=info msg="parsed scheme: \"\"" module=grpc
time="2020-05-23T22:36:53.911819565-05:00" level=info msg="scheme \"\" not registered, fallback to default scheme" module=grpc
time="2020-05-23T22:36:53.911834761-05:00" level=info msg="ccResolverWrapper: sending update to cc: {[{ 0  <nil>}] <nil>}" module=grpc
time="2020-05-23T22:36:53.911842699-05:00" level=info msg="ClientConn switching balancer to \"pick_first\"" module=grpc
